<?xml version="1.0" encoding="UTF-8"?>
<!-- Generated by org.testng.reporters.JUnitXMLReporter -->
<testsuite hostname="DESKTOP-6666Q7V" ignored="0" name="Default test" tests="3" failures="0" timestamp="25 Mar 2023 10:38:34 GMT" time="55.903" errors="0">
  <testcase name="tc01" time="22.178" classname="org.poms.ExecutionTestNg"/>
  <testcase name="tc01" time="11.297" classname="org.poms.ExecutionTestNg"/>
  <testcase name="tc01" time="19.581" classname="org.poms.ExecutionTestNg"/>
</testsuite> <!-- Default test -->
